  ~/rosatom/terraform_lab5
nix-shell ❯ terraform init                                                                                                                                    via 💠 default on ☁️  (ru-msk)
There are some problems with the CLI configuration:
╷
│ Warning: Unable to open CLI configuration file
│
│ The CLI configuration file at
│ "/home/kirill/rosatom/terraform-demo/terraform.rc" does not exist.
╵

Initializing provider plugins found in the configuration...
- Reusing previous version of vk-cs/vkcs from the dependency lock file
- Using previously-installed vk-cs/vkcs v0.16.0

Initializing the backend...
Do you want to copy existing state to the new backend?
  Pre-existing state was found while migrating the previous "local" backend to the
  newly configured "s3" backend. No existing state was found in the newly
  configured "s3" backend. Do you want to copy this state to the new "s3"
  backend? Enter "yes" to copy and "no" to start with an empty state.

  Enter a value: yes


Successfully configured the backend "s3"! Terraform will automatically
use this backend unless the backend configuration changes.

Initializing provider plugins found in the state...
- Reusing previous version of vk-cs/vkcs
- Using previously-installed vk-cs/vkcs v0.16.0


╷
│ Warning: Deprecated Parameter
│
│   on VKC_LR_02_tf_packer_backend_РемизовКЛ_20260617.tf line 7, in terraform:
│    7:     endpoint = "https://hb.vkcloud-storage.ru"
│
│ The parameter "endpoint" is deprecated. Use parameter "endpoints.s3" instead.
╵
Terraform has been successfully initialized!

You may now begin working with Terraform. Try running "terraform plan" to see
any changes that are required for your infrastructure. All Terraform commands
should now work.

If you ever set or change modules or backend configuration for Terraform,
rerun this command to reinitialize your working directory. If you forget, other
commands will detect it and remind you to do so if necessary.

  ~/rosatom/terraform_lab5
nix-shell ❯ aws s3 --endpoint-url https://hb.ru-msk.vkcloud-storage.ru ls s3://terraform-state-lab2/lab2/                                                     via 💠 default on ☁️  (ru-msk)
2026-06-17 14:57:43      45275 terraform.tfstate
